This is pdfTeX, Version 3.1415926-1.40.10 (TeX Live 2009/Debian) (format=pdflatex 2013.1.4)  16 FEB 2013 18:55
entering extended mode
 %&-line parsing enabled.
**paper.tex
(./paper.tex
LaTeX2e <2009/09/24>
Babel <v3.8l> and hyphenation patterns for english, usenglishmax, dumylang, noh
yphenation, farsi, arabic, croatian, bulgarian, ukrainian, russian, czech, slov
ak, danish, dutch, finnish, french, basque, ngerman, german, german-x-2009-06-1
9, ngerman-x-2009-06-19, ibycus, monogreek, greek, ancientgreek, hungarian, san
skrit, italian, latin, latvian, lithuanian, mongolian2a, mongolian, bokmal, nyn
orsk, romanian, irish, coptic, serbian, turkish, welsh, esperanto, uppersorbian
, estonian, indonesian, interlingua, icelandic, kurmanji, slovenian, polish, po
rtuguese, spanish, galician, catalan, swedish, ukenglish, pinyin, loaded.
(./chi-ext.cls
Document Class: chi-ext 2010/12/01, Luis A. Leiva
CHI Extended Abstracts template, original design by Manas Tungare, modified and
 refactored by Luis A. Leiva
Available at http://personales.upv.es/luileito/chiext/
(/usr/share/texmf-texlive/tex/latex/base/article.cls
Document Class: article 2007/10/19 v1.4h Standard LaTeX document class
(/usr/share/texmf-texlive/tex/latex/base/size10.clo
File: size10.clo 2007/10/19 v1.4h Standard LaTeX file (size option)
)
\c@part=\count79
\c@section=\count80
\c@subsection=\count81
\c@subsubsection=\count82
\c@paragraph=\count83
\c@subparagraph=\count84
\c@figure=\count85
\c@table=\count86
\abovecaptionskip=\skip41
\belowcaptionskip=\skip42
\bibindent=\dimen102
)
\catcount=\count87

(/usr/share/texmf-texlive/tex/latex/titlesec/titlesec.sty
Package: titlesec 2007/08/12 v2.8 Sectioning titles
\ttl@box=\box26
\beforetitleunit=\skip43
\aftertitleunit=\skip44
\ttl@plus=\dimen103
\ttl@minus=\dimen104
\ttl@toksa=\toks14
\titlewidth=\dimen105
\titlewidthlast=\dimen106
\titlewidthfirst=\dimen107
)
(/usr/share/texmf-texlive/tex/latex/caption/caption.sty
Package: caption 2009/10/09 v3.1k Customizing captions (AR)

(/usr/share/texmf-texlive/tex/latex/caption/caption3.sty
Package: caption3 2009/10/09 v3.1k caption3 kernel (AR)

(/usr/share/texmf-texlive/tex/latex/graphics/keyval.sty
Package: keyval 1999/03/16 v1.13 key=value parser (DPC)
\KV@toks@=\toks15
)
\captionmargin=\dimen108
\captionmargin@=\dimen109
\captionwidth=\dimen110
\caption@indent=\dimen111
\caption@parindent=\dimen112
\caption@hangindent=\dimen113
)
\c@ContinuedFloat=\count88
)
(/usr/share/texmf-texlive/tex/latex/ltxmisc/url.sty
\Urlmuskip=\muskip10
Package: url 2006/04/12  ver 3.3  Verb mode for urls, etc.
)
(/usr/share/texmf-texlive/tex/latex/footmisc/footmisc.sty
Package: footmisc 2009/09/15 v5.5a a miscellany of footnote facilities
\FN@temptoken=\toks16
\footnotemargin=\dimen114
\c@pp@next@reset=\count89
Package footmisc Info: Declaring symbol style bringhurst on input line 855.
Package footmisc Info: Declaring symbol style chicago on input line 863.
Package footmisc Info: Declaring symbol style wiley on input line 872.
Package footmisc Info: Declaring symbol style lamport-robust on input line 883.

Package footmisc Info: Declaring symbol style lamport* on input line 903.
Package footmisc Info: Declaring symbol style lamport*-robust on input line 924
.
)
(/usr/share/texmf-texlive/tex/latex/hyperref/hyperref.sty
Package: hyperref 2009/10/09 v6.79a Hypertext links for LaTeX

(/usr/share/texmf-texlive/tex/generic/oberdiek/ifpdf.sty
Package: ifpdf 2009/04/10 v2.0 Provides the ifpdf switch (HO)
Package ifpdf Info: pdfTeX in pdf mode detected.
)
(/usr/share/texmf-texlive/tex/generic/oberdiek/ifvtex.sty
Package: ifvtex 2008/11/04 v1.4 Switches for detecting VTeX and its modes (HO)
Package ifvtex Info: VTeX not detected.
)
(/usr/share/texmf-texlive/tex/generic/ifxetex/ifxetex.sty
Package: ifxetex 2009/01/23 v0.5 Provides ifxetex conditional
)
(/usr/share/texmf-texlive/tex/latex/oberdiek/hycolor.sty
Package: hycolor 2009/10/02 v1.5 Code for color options of hyperref/bookmark (H
O)

(/usr/share/texmf-texlive/tex/latex/oberdiek/xcolor-patch.sty
Package: xcolor-patch 2009/10/02 xcolor patch
))
\@linkdim=\dimen115
\Hy@linkcounter=\count90
\Hy@pagecounter=\count91

(/usr/share/texmf-texlive/tex/latex/hyperref/pd1enc.def
File: pd1enc.def 2009/10/09 v6.79a Hyperref: PDFDocEncoding definition (HO)
)
(/usr/share/texmf-texlive/tex/generic/oberdiek/etexcmds.sty
Package: etexcmds 2007/12/12 v1.2 Prefix for e-TeX command names (HO)

(/usr/share/texmf-texlive/tex/generic/oberdiek/infwarerr.sty
Package: infwarerr 2007/09/09 v1.2 Providing info/warning/message (HO)
)
Package etexcmds Info: Could not find \expanded.
(etexcmds)             That can mean that you are not using pdfTeX 1.50 or
(etexcmds)             that some package has redefined \expanded.
(etexcmds)             In the latter case, load this package earlier.
)
(/usr/share/texmf-texlive/tex/latex/latexconfig/hyperref.cfg
File: hyperref.cfg 2002/06/06 v1.2 hyperref configuration of TeXLive
)
(/usr/share/texmf-texlive/tex/latex/oberdiek/kvoptions.sty
Package: kvoptions 2009/08/13 v3.4 Keyval support for LaTeX options (HO)

(/usr/share/texmf-texlive/tex/generic/oberdiek/kvsetkeys.sty
Package: kvsetkeys 2009/07/30 v1.5 Key value parser with default handler suppor
t (HO)
))
Package hyperref Info: Option `colorlinks' set `true' on input line 2864.
Package hyperref Info: Option `linktocpage' set `true' on input line 2864.
Package hyperref Info: Option `naturalnames' set `true' on input line 2864.
Package hyperref Info: Option `plainpages' set `true' on input line 2864.
Package hyperref Info: Option `final' set `true' on input line 2864.
Package hyperref Info: Hyper figures OFF on input line 2975.
Package hyperref Info: Link nesting OFF on input line 2980.
Package hyperref Info: Hyper index ON on input line 2983.
Package hyperref Info: Plain pages ON on input line 2988.
Package hyperref Info: Backreferencing OFF on input line 2995.

Implicit mode ON; LaTeX internals redefined
Package hyperref Info: Bookmarks ON on input line 3191.
LaTeX Info: Redefining \url on input line 3428.
(/usr/share/texmf-texlive/tex/generic/oberdiek/bitset.sty
Package: bitset 2007/09/28 v1.0 Data type bit set (HO)

(/usr/share/texmf-texlive/tex/generic/oberdiek/intcalc.sty
Package: intcalc 2007/09/27 v1.1 Expandable integer calculations (HO)
)
(/usr/share/texmf-texlive/tex/generic/oberdiek/bigintcalc.sty
Package: bigintcalc 2007/11/11 v1.1 Expandable big integer calculations (HO)

(/usr/share/texmf-texlive/tex/generic/oberdiek/pdftexcmds.sty
Package: pdftexcmds 2009/09/23 v0.6 LuaTeX support for pdfTeX utility functions
 (HO)

(/usr/share/texmf-texlive/tex/generic/oberdiek/ifluatex.sty
Package: ifluatex 2009/04/17 v1.2 Provides the ifluatex switch (HO)
Package ifluatex Info: LuaTeX not detected.
)
(/usr/share/texmf-texlive/tex/generic/oberdiek/ltxcmds.sty
Package: ltxcmds 2009/08/05 v1.0 Some LaTeX kernel commands for general use (HO
)
)
Package pdftexcmds Info: LuaTeX not detected.
Package pdftexcmds Info: \pdf@primitive is available.
Package pdftexcmds Info: \pdf@ifprimitive is available.
)))
\Fld@menulength=\count92
\Field@Width=\dimen116
\Fld@charsize=\dimen117
\Field@toks=\toks17
Package hyperref Info: Hyper figures OFF on input line 4377.
Package hyperref Info: Link nesting OFF on input line 4382.
Package hyperref Info: Hyper index ON on input line 4385.
Package hyperref Info: backreferencing OFF on input line 4392.
Package hyperref Info: Link coloring ON on input line 4395.
Package hyperref Info: Link coloring with OCG OFF on input line 4402.
Package hyperref Info: PDF/A mode OFF on input line 4407.

(/usr/share/texmf-texlive/tex/generic/oberdiek/atbegshi.sty
Package: atbegshi 2008/07/31 v1.9 At begin shipout hook (HO)
)
\Hy@abspage=\count93
\c@Item=\count94
\c@Hfootnote=\count95
)
*hyperref using default driver hpdftex*
(/usr/share/texmf-texlive/tex/latex/hyperref/hpdftex.def
File: hpdftex.def 2009/10/09 v6.79a Hyperref driver for pdfTeX
\Fld@listcount=\count96
))
(/usr/share/texmf-texlive/tex/latex/algorithm2e/algorithm2e.sty
Package: algorithm2e 2005/10/04 v3.9 algorithms environments
\c@AlgoLine=\count97

(/usr/share/texmf-texlive/tex/latex/base/ifthen.sty
Package: ifthen 2001/05/26 v1.1c Standard LaTeX ifthen package (DPC)
)
(/usr/share/texmf-texlive/tex/latex/tools/xspace.sty
Package: xspace 2006/05/08 v1.12 Space after command names (DPC,MH)
)
********************************************************
Package `algorithm2e' Release 3.9 -- october 04 2005 --
- algorithm2e-announce@lirmm.fr mailing list for announcement about releases
- algorithm2e-discussion@lirmm.fr mailing list for discussion about package
subscribe by emailing sympa@lirmm.fr with 'subscribe <list> <firstname name>'
- Author: Christophe Fiorio (fiorio@lirmm.fr)
********************************************************
\skiptotal=\skip45
\skiprule=\skip46
\skiphlne=\skip47
\skiptext=\skip48
\skiplength=\skip49
\algomargin=\skip50
\skipalgocfslide=\skip51
\algowidth=\dimen118
\inoutsize=\dimen119
\inoutline=\dimen120
\algocf@inoutbox=\box27
\algocf@inputbox=\box28
\AlCapSkip=\skip52
\AlCapHSkip=\skip53
\algocf@capbox=\box29
\c@algocfline=\count98
\c@algocf=\count99
\algocf@algoframe=\box30
\algocf@algobox=\box31
) (/usr/share/texmf-texlive/tex/latex/multirow/multirow.sty
\bigstrutjot=\dimen121
)
(/usr/share/texmf-texlive/tex/latex/subfigure/subfigure.sty
Package: subfigure 2002/03/15 v2.1.5 subfigure package
\subfigtopskip=\skip54
\subfigcapskip=\skip55
\subfigcaptopadj=\dimen122
\subfigbottomskip=\skip56
\subfigcapmargin=\dimen123
\subfiglabelskip=\skip57
\c@subfigure=\count100
\c@lofdepth=\count101
\c@subtable=\count102
\c@lotdepth=\count103

****************************************
* Local config file subfigure.cfg used *
****************************************
(/usr/share/texmf-texlive/tex/latex/subfigure/subfigure.cfg)
\subfig@top=\skip58
\subfig@bottom=\skip59
)
(/usr/share/texmf-texlive/tex/latex/graphics/graphicx.sty
Package: graphicx 1999/02/16 v1.0f Enhanced LaTeX Graphics (DPC,SPQR)

(/usr/share/texmf-texlive/tex/latex/graphics/graphics.sty
Package: graphics 2009/02/05 v1.0o Standard LaTeX Graphics (DPC,SPQR)

(/usr/share/texmf-texlive/tex/latex/graphics/trig.sty
Package: trig 1999/03/16 v1.09 sin cos tan (DPC)
)
(/etc/texmf/tex/latex/config/graphics.cfg
File: graphics.cfg 2009/08/28 v1.8 graphics configuration of TeX Live
)
Package graphics Info: Driver file: pdftex.def on input line 91.

(/usr/share/texmf-texlive/tex/latex/pdftex-def/pdftex.def
File: pdftex.def 2010/03/12 v0.04p Graphics/color for pdfTeX
\Gread@gobject=\count104
))
\Gin@req@height=\dimen124
\Gin@req@width=\dimen125
)
(/usr/share/texmf-texlive/tex/latex/preprint/balance.sty
Package: balance 1999/02/23 4.3 (PWD)
\oldvsize=\dimen126
) (./bibspacing.sty
\bibindent=\dimen127
\bibspacing=\dimen128
)
(./paper.aux

LaTeX Warning: Label `fig:teaser' multiply defined.


LaTeX Warning: Label `fig:teaser' multiply defined.


LaTeX Warning: Label `fig:teaser' multiply defined.


LaTeX Warning: Label `fig:teaser' multiply defined.


LaTeX Warning: Label `fig:teaser' multiply defined.


LaTeX Warning: Label `fig:teaser' multiply defined.


LaTeX Warning: Label `fig:teaser' multiply defined.

)
\openout1 = `paper.aux'.

LaTeX Font Info:    Checking defaults for OML/cmm/m/it on input line 73.
LaTeX Font Info:    ... okay on input line 73.
LaTeX Font Info:    Checking defaults for T1/cmr/m/n on input line 73.
LaTeX Font Info:    ... okay on input line 73.
LaTeX Font Info:    Checking defaults for OT1/cmr/m/n on input line 73.
LaTeX Font Info:    ... okay on input line 73.
LaTeX Font Info:    Checking defaults for OMS/cmsy/m/n on input line 73.
LaTeX Font Info:    ... okay on input line 73.
LaTeX Font Info:    Checking defaults for OMX/cmex/m/n on input line 73.
LaTeX Font Info:    ... okay on input line 73.
LaTeX Font Info:    Checking defaults for U/cmr/m/n on input line 73.
LaTeX Font Info:    ... okay on input line 73.
LaTeX Font Info:    Checking defaults for PD1/pdf/m/n on input line 73.
LaTeX Font Info:    ... okay on input line 73.
Package caption Info: Begin \AtBeginDocument code.
Package caption Info: hyperref package is loaded.
Package caption Info: subfigure package is loaded.
Package caption Info: End \AtBeginDocument code.
 (/usr/share/texmf-texlive/tex/latex/graphics/color.sty
Package: color 2005/11/14 v1.0j Standard LaTeX Color (DPC)

(/etc/texmf/tex/latex/config/color.cfg
File: color.cfg 2007/01/18 v1.5 color configuration of teTeX/TeXLive
)
Package color Info: Driver file: pdftex.def on input line 130.
)
Package hyperref Info: Link coloring ON on input line 73.

(/usr/share/texmf-texlive/tex/latex/hyperref/nameref.sty
Package: nameref 2007/05/29 v2.31 Cross-referencing by name of section

(/usr/share/texmf-texlive/tex/latex/oberdiek/refcount.sty
Package: refcount 2008/08/11 v3.1 Data extraction from references (HO)
)
\c@section@level=\count105
)
LaTeX Info: Redefining \ref on input line 73.
LaTeX Info: Redefining \pageref on input line 73.
 (./paper.out)
(./paper.out)
\@outlinefile=\write3
\openout3 = `paper.out'.

\AtBeginShipoutBox=\box32
 (/usr/share/texmf-texlive/tex/context/base/supp-pdf.mkii
[Loading MPS to PDF converter (version 2006.09.02).]
\scratchcounter=\count106
\scratchdimen=\dimen129
\scratchbox=\box33
\nofMPsegments=\count107
\nofMParguments=\count108
\everyMPshowfont=\toks18
\MPscratchCnt=\count109
\MPscratchDim=\dimen130
\MPnumerator=\count110
\everyMPtoPDFconversion=\toks19
)
LaTeX Font Info:    Try loading font information for OT1+phv on input line 75.
 (/usr/share/texmf-texlive/tex/latex/psnfss/ot1phv.fd
File: ot1phv.fd 2001/06/04 scalable font definitions for OT1/phv.
)
LaTeX Font Info:    Font shape `OT1/phv/bx/n' in size <24.88> not available
(Font)              Font shape `OT1/phv/b/n' tried instead on input line 75.

Overfull \hbox (12.7316pt too wide) in paragraph at lines 75--75
[][] 
 []


Overfull \hbox (280.04623pt too wide) in paragraph at lines 75--75
[][][]  
 []


Underfull \hbox (badness 10000) in paragraph at lines 75--75
[][]
 []

<images/hand-white.PNG, id=43, 1025.33063pt x 498.36188pt>
File: images/hand-white.PNG Graphic file (type png)

<use images/hand-white.PNG>

Package caption Warning: The option `hypcap=true' will be ignored for this
(caption)                particular \caption on input line 75.
See the caption package documentation for explanation.


LaTeX Font Warning: Font shape `OT1/cmss/m/it' in size <9> not available
(Font)              Font shape `OT1/cmss/m/sl' tried instead on input line 75.

(./000abstract.tex) (./010intro.tex [1


{/var/lib/texmf/fonts/map/pdftex/updmap/pdftex.map} <./images/hand-white.PNG>]
<images/he-2d-white-cropped.PNG, id=61, 441.90094pt x 398.99063pt>
File: images/he-2d-white-cropped.PNG Graphic file (type png)

<use images/he-2d-white-cropped.PNG>

Package caption Warning: The option `hypcap=true' will be ignored for this
(caption)                particular \caption on input line 17.
See the caption package documentation for explanation.

) (./020related.tex [2 <./images/he-2d-white-cropped.PNG>]) (./030leap.tex
<images/leap.jpg, id=80, 3276.24pt x 2457.18pt>
File: images/leap.jpg Graphic file (type jpg)
 <use images/leap.jpg>

Package caption Warning: The option `hypcap=true' will be ignored for this
(caption)                particular \caption on input line 12.
See the caption package documentation for explanation.

<images/he-white.PNG, id=81, 1027.58907pt x 502.12593pt>
File: images/he-white.PNG Graphic file (type png)

<use images/he-white.PNG>

Package caption Warning: The option `hypcap=true' will be ignored for this
(caption)                particular \caption on input line 19.
See the caption package documentation for explanation.

) (./040experiments.tex
<images/recording-1-cropped.PNG, id=82, 567.62062pt x 395.22656pt>
File: images/recording-1-cropped.PNG Graphic file (type png)

<use images/recording-1-cropped.PNG>

Package caption Warning: The option `hypcap=true' will be ignored for this
(caption)                particular \caption on input line 12.
See the caption package documentation for explanation.

[3 <./images/leap.jpg> <./images/he-white.PNG>]) (./050proposed.tex
<images/dtw-raw.PNG, id=94, 803.0pt x 602.25pt>
File: images/dtw-raw.PNG Graphic file (type png)
 <use images/dtw-raw.PNG>
<images/dtw-window.PNG, id=95, 803.0pt x 602.25pt>
File: images/dtw-window.PNG Graphic file (type png)
 <use images/dtw-window.PNG>

Package caption Warning: The option `hypcap=true' will be ignored for this
(caption)                particular \caption on input line 17.
See the caption package documentation for explanation.


Overfull \hbox (6.66666pt too wide) in paragraph at lines 17--17
 [] 
 []


Overfull \hbox (6.66666pt too wide) in paragraph at lines 17--17
 [][] 
 []

LaTeX Font Info:    External font `cmex10' loaded for size
(Font)              <7> on input line 19.
LaTeX Font Info:    External font `cmex10' loaded for size
(Font)              <5> on input line 19.

LaTeX Font Warning: Font shape `OT1/cmss/m/it' in size <10> not available
(Font)              Font shape `OT1/cmss/m/sl' tried instead on input line 41.

Package hyperref Info: bookmark level for unknown algocf defaults to 0 on input
 line 43.
) (./060optimizations.tex [4 <./images/recording-1-cropped.PNG> <./images/dtw-r
aw.PNG (PNG copy)> <./images/dtw-window.PNG (PNG copy)>]) (./070result.tex
<images/new-n-match-cropped.png, id=121, 690.9012pt x 523.2348pt>
File: images/new-n-match-cropped.png Graphic file (type png)

<use images/new-n-match-cropped.png>
<images/new-e-match-cropped.png, id=122, 607.7907pt x 523.2348pt>
File: images/new-e-match-cropped.png Graphic file (type png)

<use images/new-e-match-cropped.png>
<images/new-w-match-cropped.png, id=123, 482.7636pt x 523.2348pt>
File: images/new-w-match-cropped.png Graphic file (type png)

<use images/new-w-match-cropped.png>

Package caption Warning: The option `hypcap=true' will be ignored for this
(caption)                particular \caption on input line 12.
See the caption package documentation for explanation.


Package caption Warning: The option `hypcap=true' will be ignored for this
(caption)                particular \caption on input line 18.
See the caption package documentation for explanation.

<images/new-1.png, id=124, 1233.6489pt x 632.3625pt>
File: images/new-1.png Graphic file (type png)
 <use images/new-1.png>

Package caption Warning: The option `hypcap=true' will be ignored for this
(caption)                particular \caption on input line 39.
See the caption package documentation for explanation.

) (./080conclusion.tex [5 <./images/new-n-match-cropped.png> <./images/new-e-ma
tch-cropped.png> <./images/new-w-match-cropped.png> <./images/new-1.png>])
(./090acknowledgements.tex) (./paper.bbl)
Overfull \vbox (1.22223pt too high) has occurred while \output is active []


[6] (./paper.aux)

LaTeX Warning: There were multiply-defined labels.

 ) 
Here is how much of TeX's memory you used:
 6868 strings out of 493848
 101117 string characters out of 1152824
 206941 words of memory out of 3000000
 9960 multiletter control sequences out of 15000+50000
 9328 words of font info for 28 fonts, out of 3000000 for 9000
 714 hyphenation exceptions out of 8191
 45i,14n,42p,1378b,467s stack positions out of 5000i,500n,10000p,200000b,50000s
{/usr/share/texmf-texlive/fonts/enc/dvips/base/8r.enc}</usr/share/texmf-texli
ve/fonts/type1/public/amsfonts/cm/cmmi10.pfb></usr/share/texmf-texlive/fonts/ty
pe1/public/amsfonts/cm/cmmi7.pfb></usr/share/texmf-texlive/fonts/type1/public/a
msfonts/cm/cmr10.pfb></usr/share/texmf-texlive/fonts/type1/public/amsfonts/cm/c
mr7.pfb></usr/share/texmf-texlive/fonts/type1/public/amsfonts/cm/cmss10.pfb></u
sr/share/texmf-texlive/fonts/type1/public/amsfonts/cm/cmss8.pfb></usr/share/tex
mf-texlive/fonts/type1/public/amsfonts/cm/cmss9.pfb></usr/share/texmf-texlive/f
onts/type1/public/amsfonts/cm/cmssbx10.pfb></usr/share/texmf-texlive/fonts/type
1/public/amsfonts/cm/cmssi10.pfb></usr/share/texmf-texlive/fonts/type1/public/a
msfonts/cm/cmssi9.pfb></usr/share/texmf-texlive/fonts/type1/public/amsfonts/cm/
cmsy10.pfb></usr/share/texmf-texlive/fonts/type1/public/amsfonts/cm/cmtt10.pfb>
</usr/share/texmf-texlive/fonts/type1/urw/helvetic/uhvb8a.pfb>
Output written on paper.pdf (6 pages, 2546904 bytes).
PDF statistics:
 205 PDF objects out of 1000 (max. 8388607)
 57 named destinations out of 1000 (max. 500000)
 136 words of extra memory for PDF output out of 10000 (max. 10000000)

